This is pdfTeX, Version 3.14159265-2.6-1.40.18 (MiKTeX 2.9.6350 64-bit) (preloaded format=pdflatex 2017.9.14)  30 OCT 2017 13:48
entering extended mode
**"./Comp Int Report.tex"
("Comp Int Report.tex"
LaTeX2e <2017-04-15>
Babel <3.10> and hyphenation patterns for 75 language(s) loaded.
("D:\MiKTeX 2.9\tex\latex\base\article.cls"
Document Class: article 2014/09/29 v1.4h Standard LaTeX document class
("D:\MiKTeX 2.9\tex\latex\base\size10.clo"
File: size10.clo 2014/09/29 v1.4h Standard LaTeX file (size option)
)
\c@part=\count79
\c@section=\count80
\c@subsection=\count81
\c@subsubsection=\count82
\c@paragraph=\count83
\c@subparagraph=\count84
\c@figure=\count85
\c@table=\count86
\abovecaptionskip=\skip41
\belowcaptionskip=\skip42
\bibindent=\dimen102
)
("D:\MiKTeX 2.9\tex\latex\graphics\graphicx.sty"
Package: graphicx 2014/10/28 v1.0g Enhanced LaTeX Graphics (DPC,SPQR)

("D:\MiKTeX 2.9\tex\latex\graphics\keyval.sty"
Package: keyval 2014/10/28 v1.15 key=value parser (DPC)
\KV@toks@=\toks14
)
("D:\MiKTeX 2.9\tex\latex\graphics\graphics.sty"
Package: graphics 2017/04/14 v1.1b Standard LaTeX Graphics (DPC,SPQR)

("D:\MiKTeX 2.9\tex\latex\graphics\trig.sty"
Package: trig 2016/01/03 v1.10 sin cos tan (DPC)
)
("D:\MiKTeX 2.9\tex\latex\graphics-cfg\graphics.cfg"
File: graphics.cfg 2016/06/04 v1.11 sample graphics configuration
)
Package graphics Info: Driver file: pdftex.def on input line 99.

("D:\MiKTeX 2.9\tex\latex\graphics-def\pdftex.def"
File: pdftex.def 2017/01/12 v0.06k Graphics/color for pdfTeX

("D:\MiKTeX 2.9\tex\generic\oberdiek\infwarerr.sty"
Package: infwarerr 2016/05/16 v1.4 Providing info/warning/error messages (HO)
)
("D:\MiKTeX 2.9\tex\generic\oberdiek\ltxcmds.sty"
Package: ltxcmds 2016/05/16 v1.23 LaTeX kernel commands for general use (HO)
)
\Gread@gobject=\count87
))
\Gin@req@height=\dimen103
\Gin@req@width=\dimen104
)
(C:\Users\Grant\AppData\Roaming\MiKTeX\2.9\tex\latex\cite\cite.sty
LaTeX Info: Redefining \cite on input line 302.
LaTeX Info: Redefining \nocite on input line 332.
Package: cite 2015/02/27  v 5.5
)
(C:\Users\Grant\AppData\Roaming\MiKTeX\2.9\tex\latex\algorithm2e\algorithm2e.st
y
Package: algorithm2e 2017/07/18 v5.2 algorithms environments
\c@AlgoLine=\count88
 ("D:\MiKTeX 2.9\tex\latex\base\ifthen.sty"
Package: ifthen 2014/09/29 v1.1c Standard LaTeX ifthen package (DPC)
)
\algocf@hangindent=\skip43

(C:\Users\Grant\AppData\Roaming\MiKTeX\2.9\tex\latex\ifoddpage\ifoddpage.sty
Package: ifoddpage 2016/04/23 v1.1 Conditionals for odd/even page detection
\c@checkoddpage=\count89
)
("D:\MiKTeX 2.9\tex\latex\tools\xspace.sty"
Package: xspace 2014/10/28 v1.13 Space after command names (DPC,MH)
)
("D:\MiKTeX 2.9\tex\latex\ltxmisc\relsize.sty"
Package: relsize 2003/07/04 ver 3.1
)
\skiptotal=\skip44
\skiplinenumber=\skip45
\skiprule=\skip46
\skiphlne=\skip47
\skiptext=\skip48
\skiplength=\skip49
\algomargin=\skip50
\skipalgocfslide=\skip51
\algowidth=\dimen105
\inoutsize=\dimen106
\inoutindent=\dimen107
\interspacetitleruled=\dimen108
\interspacealgoruled=\dimen109
\interspacetitleboxruled=\dimen110
\algocf@ruledwidth=\skip52
\algocf@inoutbox=\box26
\algocf@inputbox=\box27
\AlCapSkip=\skip53
\AlCapHSkip=\skip54
\algoskipindent=\skip55
\algocf@nlbox=\box28
\algocf@hangingbox=\box29
\algocf@untilbox=\box30
\algocf@skipuntil=\skip56
\algocf@capbox=\box31
\algocf@lcaptionbox=\skip57
\algoheightruledefault=\skip58
\algoheightrule=\skip59
\algotitleheightruledefault=\skip60
\algotitleheightrule=\skip61
\c@algocfline=\count90
\c@algocfproc=\count91
\c@algocf=\count92
\algocf@algoframe=\box32
\algocf@algobox=\box33
)
("D:\MiKTeX 2.9\tex\latex\base\fixltx2e.sty"
Package: fixltx2e 2016/12/29 v2.1a fixes to LaTeX (obsolete)
Applying: [2015/01/01] Old fixltx2e package on input line 46.


Package fixltx2e Warning: fixltx2e is not required with releases after 2015
(fixltx2e)                All fixes are now in the LaTeX kernel.
(fixltx2e)                See the latexrelease package for details.

Already applied: [0000/00/00] Old fixltx2e package on input line 53.
) ("D:\MiKTeX 2.9\tex\latex\float\float.sty"
Package: float 2001/11/08 v1.3d Float enhancements (AL)
\c@float@type=\count93
\float@exts=\toks15
\float@box=\box34
\@float@everytoks=\toks16
\@floatcapt=\box35
) ("Comp Int Report.aux")
\openout1 = `"Comp Int Report.aux"'.

LaTeX Font Info:    Checking defaults for OML/cmm/m/it on input line 14.
LaTeX Font Info:    ... okay on input line 14.
LaTeX Font Info:    Checking defaults for T1/cmr/m/n on input line 14.
LaTeX Font Info:    ... okay on input line 14.
LaTeX Font Info:    Checking defaults for OT1/cmr/m/n on input line 14.
LaTeX Font Info:    ... okay on input line 14.
LaTeX Font Info:    Checking defaults for OMS/cmsy/m/n on input line 14.
LaTeX Font Info:    ... okay on input line 14.
LaTeX Font Info:    Checking defaults for OMX/cmex/m/n on input line 14.
LaTeX Font Info:    ... okay on input line 14.
LaTeX Font Info:    Checking defaults for U/cmr/m/n on input line 14.
LaTeX Font Info:    ... okay on input line 14.

(C:\Users\Grant\AppData\Roaming\MiKTeX\2.9\tex\context\base\supp-pdf.mkii
[Loading MPS to PDF converter (version 2006.09.02).]
\scratchcounter=\count94
\scratchdimen=\dimen111
\scratchbox=\box36
\nofMPsegments=\count95
\nofMParguments=\count96
\everyMPshowfont=\toks17
\MPscratchCnt=\count97
\MPscratchDim=\dimen112
\MPnumerator=\count98
\makeMPintoPDFobject=\count99
\everyMPtoPDFconversion=\toks18
) ("D:\MiKTeX 2.9\tex\generic\oberdiek\pdftexcmds.sty"
Package: pdftexcmds 2017/03/19 v0.25 Utility functions of pdfTeX for LuaTeX (HO
)

("D:\MiKTeX 2.9\tex\generic\oberdiek\ifluatex.sty"
Package: ifluatex 2016/05/16 v1.4 Provides the ifluatex switch (HO)
Package ifluatex Info: LuaTeX not detected.
)
("D:\MiKTeX 2.9\tex\generic\oberdiek\ifpdf.sty"
Package: ifpdf 2017/03/15 v3.2 Provides the ifpdf switch
)
Package pdftexcmds Info: LuaTeX not detected.
Package pdftexcmds Info: \pdf@primitive is available.
Package pdftexcmds Info: \pdf@ifprimitive is available.
Package pdftexcmds Info: \pdfdraftmode found.
)
("D:\MiKTeX 2.9\tex\latex\oberdiek\epstopdf-base.sty"
Package: epstopdf-base 2016/05/15 v2.6 Base part for package epstopdf

("D:\MiKTeX 2.9\tex\latex\oberdiek\grfext.sty"
Package: grfext 2016/05/16 v1.2 Manage graphics extensions (HO)

("D:\MiKTeX 2.9\tex\generic\oberdiek\kvdefinekeys.sty"
Package: kvdefinekeys 2016/05/16 v1.4 Define keys (HO)
))
("D:\MiKTeX 2.9\tex\latex\oberdiek\kvoptions.sty"
Package: kvoptions 2016/05/16 v3.12 Key value format for package options (HO)

("D:\MiKTeX 2.9\tex\generic\oberdiek\kvsetkeys.sty"
Package: kvsetkeys 2016/05/16 v1.17 Key value parser (HO)

("D:\MiKTeX 2.9\tex\generic\oberdiek\etexcmds.sty"
Package: etexcmds 2016/05/16 v1.6 Avoid name clashes with e-TeX commands (HO)
Package etexcmds Info: Could not find \expanded.
(etexcmds)             That can mean that you are not using pdfTeX 1.50 or
(etexcmds)             that some package has redefined \expanded.
(etexcmds)             In the latter case, load this package earlier.
)))
Package epstopdf-base Info: Redefining graphics rule for `.eps' on input line 4
38.
Package grfext Info: Graphics extension search list:
(grfext)             [.png,.pdf,.jpg,.mps,.jpeg,.jbig2,.jb2,.PNG,.PDF,.JPG,.JPE
G,.JBIG2,.JB2,.eps]
(grfext)             \AppendGraphicsExtensions on input line 456.
)
LaTeX Font Info:    External font `cmex10' loaded for size
(Font)              <12> on input line 15.
LaTeX Font Info:    External font `cmex10' loaded for size
(Font)              <8> on input line 15.
LaTeX Font Info:    External font `cmex10' loaded for size
(Font)              <6> on input line 15.
LaTeX Font Info:    Try loading font information for OMS+cmr on input line 21.

("D:\MiKTeX 2.9\tex\latex\base\omscmr.fd"
File: omscmr.fd 2014/09/29 v2.5h Standard LaTeX font definitions
)
LaTeX Font Info:    Font shape `OMS/cmr/m/n' in size <10> not available
(Font)              Font shape `OMS/cmsy/m/n' tried instead on input line 21.
Missing character: There is no ‚ in font cmr10!
Missing character: There is no Ä in font cmr10!
Missing character: There is no ô in font cmr10!

<images/architecture.png, id=1, 484.81125pt x 273.27094pt>
File: images/architecture.png Graphic file (type png)

<use images/architecture.png>
Package pdftex.def Info: images/architecture.png used on input line 28.
(pdftex.def)             Requested size: 341.43306pt x 192.4642pt.
 [1

{C:/ProgramData/MiKTeX/2.9/pdftex/config/pdftex.map}] [2 <./images/architecture
.png>]
LaTeX Font Info:    External font `cmex10' loaded for size
(Font)              <7> on input line 37.
LaTeX Font Info:    External font `cmex10' loaded for size
(Font)              <5> on input line 37.
 [3]
LaTeX Font Info:    Try loading font information for OML+cmr on input line 95.

("D:\MiKTeX 2.9\tex\latex\base\omlcmr.fd"
File: omlcmr.fd 2014/09/29 v2.5h Standard LaTeX font definitions
)
LaTeX Font Info:    Font shape `OML/cmr/m/it' in size <10> not available
(Font)              Font shape `OML/cmm/m/it' tried instead on input line 95.
 [4] [5]
Missing character: There is no ‚ in font cmr10!
Missing character: There is no Ä in font cmr10!
Missing character: There is no ò in font cmr10!
Missing character: There is no ‚ in font cmr10!
Missing character: There is no Ä in font cmr10!
Missing character: There is no ô in font cmr10!
 [6]
Missing character: There is no ‚ in font cmr10!
Missing character: There is no Ä in font cmr10!
Missing character: There is no ò in font cmr10!
Missing character: There is no ‚ in font cmr10!
Missing character: There is no Ä in font cmr10!
Missing character: There is no ô in font cmr10!
Missing character: There is no ‚ in font cmr10!
Missing character: There is no Ä in font cmr10!
Missing character: There is no ò in font cmr10!
Missing character: There is no ‚ in font cmr10!
Missing character: There is no Ä in font cmr10!
Missing character: There is no ô in font cmr10!
LaTeX Font Info:    Font shape `OML/cmr/m/n' in size <10> not available
(Font)              Font shape `OML/cmm/m/it' tried instead on input line 185.
Missing character: There is no ‚ in font cmr10!
Missing character: There is no Ä in font cmr10!
Missing character: There is no ô in font cmr10!
 [7]
Underfull \hbox (badness 10000) in paragraph at lines 201--201
[]\OT1/cmr/m/n/10 Dictionary 1 in
 []


Underfull \hbox (badness 10000) in paragraph at lines 201--201
\OT1/cmr/m/n/10 ex-pect-ed-file.txt
 []


Underfull \hbox (badness 10000) in paragraph at lines 201--202
[]\OT1/cmr/m/n/10 Output matches
 []


Underfull \hbox (badness 10000) in paragraph at lines 203--203
[]\OT1/cmr/m/n/10 Dictionary 2 in
 []


Underfull \hbox (badness 10000) in paragraph at lines 203--203
\OT1/cmr/m/n/10 ex-pect-ed-file.txt
 []


Underfull \hbox (badness 10000) in paragraph at lines 203--204
[]\OT1/cmr/m/n/10 Output matches
 []


Underfull \hbox (badness 1701) in paragraph at lines 205--205
[]\OT1/cmr/m/n/10 Script should ter-
 []

Missing character: There is no ‚ in font cmr10!
Missing character: There is no Ä in font cmr10!
Missing character: There is no ú in font cmr10!
Missing character: There is no ‚ in font cmr10!
Missing character: There is no Ä in font cmr10!
Missing character: There is no ù in font cmr10!

Underfull \hbox (badness 10000) in paragraph at lines 207--207
\OT1/cmr/m/n/10 does not ex-ist,
 []


Underfull \hbox (badness 10000) in paragraph at lines 207--207
\OT1/cmr/m/n/10 empty.txt for
 []


Underfull \hbox (badness 1701) in paragraph at lines 207--207
[]\OT1/cmr/m/n/10 Script should ter-
 []


Overfull \hbox (17.98029pt too wide) in paragraph at lines 197--210
 [] 
 []


Overfull \hbox (17.98029pt too wide) in paragraph at lines 215--230
 [] 
 []

[8]
Underfull \hbox (badness 4713) in paragraph at lines 238--238
\OT1/cmr/m/n/10 ing is good and
 []


Underfull \hbox (badness 10000) in paragraph at lines 238--238
[]\OMS/cmsy/m/n/10 f\OT1/cmr/m/n/10 'ID': '1', 'Vari-
 []


Underfull \hbox (badness 4279) in paragraph at lines 238--238
\OT1/cmr/m/n/10 ables': ['driv-ing',
 []


Underfull \hbox (badness 10000) in paragraph at lines 238--238
\OT1/cmr/m/n/10 'jour-ney[]time'],
 []


Underfull \hbox (badness 4621) in paragraph at lines 238--238
\OT1/cmr/m/n/10 'Val-ues': ['good',
 []


Underfull \hbox (badness 10000) in paragraph at lines 238--238
\OT1/cmr/m/n/10 'and', 'Out-put':
 []


Underfull \hbox (badness 10000) in paragraph at lines 238--239
[]\OMS/cmsy/m/n/10 f\OT1/cmr/m/n/10 'ID': '1', 'Vari-
 []


Underfull \hbox (badness 4279) in paragraph at lines 238--239
\OT1/cmr/m/n/10 ables': ['driv-ing',
 []


Underfull \hbox (badness 10000) in paragraph at lines 238--239
\OT1/cmr/m/n/10 'jour-ney[]time'],
 []


Underfull \hbox (badness 4621) in paragraph at lines 238--239
\OT1/cmr/m/n/10 'Val-ues': ['good',
 []


Underfull \hbox (badness 10000) in paragraph at lines 238--239
\OT1/cmr/m/n/10 'and', 'Out-put':
 []


Underfull \hbox (badness 4713) in paragraph at lines 240--240
\OT1/cmr/m/n/10 ing is good and
 []


Underfull \hbox (badness 10000) in paragraph at lines 244--244
[]\OMS/cmsy/m/n/10 f\OT1/cmr/m/n/10 'ID': '4', 'Vari-
 []


Underfull \hbox (badness 7221) in paragraph at lines 244--244
\OT1/cmr/m/n/10 ables': ['tem-per-
 []


Underfull \hbox (badness 10000) in paragraph at lines 244--244
\OT1/cmr/m/n/10 a-ture', 'cur-rent'],
 []


Underfull \hbox (badness 10000) in paragraph at lines 244--244
\OT1/cmr/m/n/10 'Val-ues': ['low',
 []


Underfull \hbox (badness 5817) in paragraph at lines 244--244
\OT1/cmr/m/n/10 'low'], 'Op-er-a-tor':
 []


Underfull \hbox (badness 10000) in paragraph at lines 244--244
\OT1/cmr/m/n/10 'and', 'Out-put':
 []


Underfull \hbox (badness 10000) in paragraph at lines 244--245
[]\OMS/cmsy/m/n/10 f\OT1/cmr/m/n/10 'ID': '4', 'Vari-
 []


Underfull \hbox (badness 7221) in paragraph at lines 244--245
\OT1/cmr/m/n/10 ables': ['tem-per-
 []


Underfull \hbox (badness 10000) in paragraph at lines 244--245
\OT1/cmr/m/n/10 a-ture', 'cur-rent'],
 []


Underfull \hbox (badness 10000) in paragraph at lines 244--245
\OT1/cmr/m/n/10 'Val-ues': ['low',
 []


Underfull \hbox (badness 5817) in paragraph at lines 244--245
\OT1/cmr/m/n/10 'low'], 'Op-er-a-tor':
 []


Underfull \hbox (badness 10000) in paragraph at lines 244--245
\OT1/cmr/m/n/10 'and', 'Out-put':
 []


Underfull \hbox (badness 1629) in paragraph at lines 246--246
[]\OT1/cmr/m/n/10 Rule 4 If driv-ing
 []


Underfull \hbox (badness 10000) in paragraph at lines 246--246
\OT1/cmr/m/n/10 is bad and the
 []


Underfull \hbox (badness 10000) in paragraph at lines 246--246
\OT1/cmr/m/n/10 jour-ney[]time is
 []


Overfull \hbox (17.98029pt too wide) in paragraph at lines 234--249
 [] 
 []


Underfull \hbox (badness 1701) in paragraph at lines 262--262
[]\OT1/cmr/m/n/10 Script should ter-
 []

Missing character: There is no ‚ in font cmr10!
Missing character: There is no Ä in font cmr10!
Missing character: There is no ú in font cmr10!
Missing character: There is no ‚ in font cmr10!
Missing character: There is no Ä in font cmr10!
Missing character: There is no ù in font cmr10!

Underfull \hbox (badness 10000) in paragraph at lines 264--264
\OT1/cmr/m/n/10 does not ex-ist,
 []


Underfull \hbox (badness 10000) in paragraph at lines 264--264
\OT1/cmr/m/n/10 empty.txt for
 []


Underfull \hbox (badness 1701) in paragraph at lines 264--264
[]\OT1/cmr/m/n/10 Script should ter-
 []


Overfull \hbox (17.98029pt too wide) in paragraph at lines 254--267
 [] 
 []

[9]
Underfull \hbox (badness 1701) in paragraph at lines 280--280
[]\OT1/cmr/m/n/10 Script should ter-
 []

Missing character: There is no ‚ in font cmr10!
Missing character: There is no Ä in font cmr10!
Missing character: There is no ú in font cmr10!
Missing character: There is no ‚ in font cmr10!
Missing character: There is no Ä in font cmr10!
Missing character: There is no ù in font cmr10!

Underfull \hbox (badness 10000) in paragraph at lines 282--282
\OT1/cmr/m/n/10 does not ex-ist,
 []


Underfull \hbox (badness 10000) in paragraph at lines 282--282
\OT1/cmr/m/n/10 empty.txt for
 []


Underfull \hbox (badness 1701) in paragraph at lines 282--282
[]\OT1/cmr/m/n/10 Script should ter-
 []


Overfull \hbox (17.98029pt too wide) in paragraph at lines 272--285
 [] 
 []

Missing character: There is no ‚ in font cmr10!
Missing character: There is no Ä in font cmr10!
Missing character: There is no ô in font cmr10!
[10]
Overfull \hbox (2.41978pt too wide) in paragraph at lines 296--297
[]\OT1/cmr/m/n/10 105.55555555555556| 
 []


Underfull \hbox (badness 1755) in paragraph at lines 298--298
\OT1/cmr/m/n/10 (This rep-re-sents a very
 []


Underfull \hbox (badness 1755) in paragraph at lines 300--300
\OT1/cmr/m/n/10 (This rep-re-sents a very
 []


Overfull \hbox (2.41978pt too wide) in paragraph at lines 304--305
[]\OT1/cmr/m/n/10 114.28571428571429| 
 []


Overfull \hbox (2.41978pt too wide) in paragraph at lines 306--307
[]\OT1/cmr/m/n/10 108.33333333333333| 
 []

[11] [12] ("Comp Int Report.aux") ) 
Here is how much of TeX's memory you used:
 2683 strings out of 493323
 39209 string characters out of 3145100
 118609 words of memory out of 3000000
 6195 multiletter control sequences out of 15000+200000
 8551 words of font info for 30 fonts, out of 3000000 for 9000
 1141 hyphenation exceptions out of 8191
 39i,15n,29p,1427b,411s stack positions out of 5000i,500n,10000p,200000b,50000s
<D:/MiKTeX 2.9/fonts/type1/public/amsfonts/c
m/cmbx10.pfb><D:/MiKTeX 2.9/fonts/type1/public/amsfonts/cm/cmbx12.pfb><D:/MiKTe
X 2.9/fonts/type1/public/amsfonts/cm/cmbx7.pfb><D:/MiKTeX 2.9/fonts/type1/publi
c/amsfonts/cm/cmex10.pfb><D:/MiKTeX 2.9/fonts/type1/public/amsfonts/cm/cmmi10.p
fb><D:/MiKTeX 2.9/fonts/type1/public/amsfonts/cm/cmmi7.pfb><D:/MiKTeX 2.9/fonts
/type1/public/amsfonts/cm/cmr10.pfb><D:/MiKTeX 2.9/fonts/type1/public/amsfonts/
cm/cmr12.pfb><D:/MiKTeX 2.9/fonts/type1/public/amsfonts/cm/cmr17.pfb><D:/MiKTeX
 2.9/fonts/type1/public/amsfonts/cm/cmr7.pfb><D:/MiKTeX 2.9/fonts/type1/public/
amsfonts/cm/cmsy10.pfb><D:/MiKTeX 2.9/fonts/type1/public/amsfonts/cm/cmti10.pfb
>
Output written on "Comp Int Report.pdf" (12 pages, 184543 bytes).
PDF statistics:
 90 PDF objects out of 1000 (max. 8388607)
 0 named destinations out of 1000 (max. 500000)
 6 words of extra memory for PDF output out of 10000 (max. 10000000)

